CRITICAL - 2023-11-08 10:13:15 --> The framework needs the following extension(s) installed and loaded: intl.
in SYSTEMPATH/CodeIgniter.php on line 252.
 1 SYSTEMPATH/CodeIgniter.php(252): CodeIgniter\Exceptions\FrameworkException::forMissingExtension('intl')
 2 SYSTEMPATH/CodeIgniter.php(214): CodeIgniter\CodeIgniter->resolvePlatformExtensions()
 3 FCPATH/index.php(67): CodeIgniter\CodeIgniter->initialize()
CRITICAL - 2023-11-08 10:13:15 --> Uncaught Error: Class 'Locale' not found in /Applications/XAMPP/xamppfiles/htdocs/CODEIGNITER/system/Helpers/number_helper.php:136
Stack trace:
#0 /Applications/XAMPP/xamppfiles/htdocs/CODEIGNITER/system/Helpers/number_helper.php(55): format_number(6, 2, NULL, Array)
#1 /Applications/XAMPP/xamppfiles/htdocs/CODEIGNITER/system/Debug/BaseExceptionHandler.php(145): number_to_size(6, 2)
#2 /Applications/XAMPP/xamppfiles/htdocs/CODEIGNITER/app/Views/errors/html/error_exception.php(361): CodeIgniter\Debug\BaseExceptionHandler::describeMemory(6291456)
#3 /Applications/XAMPP/xamppfiles/htdocs/CODEIGNITER/system/Debug/BaseExceptionHandler.php(241): include('/Applications/X...')
#4 /Applications/XAMPP/xamppfiles/htdocs/CODEIGNITER/system/Debug/BaseExceptionHandler.php(244): CodeIgniter\Debug\BaseExceptionHandler->CodeIgniter\Debug\{closure}()
#5 /Applications/XAMPP/xamppfiles/htdocs/CODEIGNITER/system/Debug/ExceptionHandler.php(112): CodeIgniter\Debug\BaseExceptionHandler->render(Object(CodeIgniter\Exceptions\Framework
【Previous Exception】
CodeIgniter\Exceptions\FrameworkException
The framework needs the following extension(s) installed and loaded: intl.
#0 /Applications/XAMPP/xamppfiles/htdocs/CODEIGNITER/system/CodeIgniter.php(252): CodeIgniter\Exceptions\FrameworkException::forMissingExtension('intl')
#1 /Applications/XAMPP/xamppfiles/htdocs/CODEIGNITER/system/CodeIgniter.php(214): CodeIgniter\CodeIgniter->resolvePlatformExtensions()
#2 /Applications/XAMPP/xamppfiles/htdocs/CODEIGNITER/public/index.php(67): CodeIgniter\CodeIgniter->initialize()
#3 {main}
in SYSTEMPATH/Helpers/number_helper.php on line 136.
 1 [internal function]: CodeIgniter\Debug\Exceptions->shutdownHandler()
CRITICAL - 2023-11-08 10:30:23 --> The framework needs the following extension(s) installed and loaded: intl.
in SYSTEMPATH/CodeIgniter.php on line 252.
 1 SYSTEMPATH/CodeIgniter.php(252): CodeIgniter\Exceptions\FrameworkException::forMissingExtension('intl')
 2 SYSTEMPATH/CodeIgniter.php(214): CodeIgniter\CodeIgniter->resolvePlatformExtensions()
 3 FCPATH/index.php(67): CodeIgniter\CodeIgniter->initialize()
CRITICAL - 2023-11-08 10:30:23 --> Uncaught Error: Class 'Locale' not found in /Applications/XAMPP/xamppfiles/htdocs/CODEIGNITER/system/Helpers/number_helper.php:136
Stack trace:
#0 /Applications/XAMPP/xamppfiles/htdocs/CODEIGNITER/system/Helpers/number_helper.php(55): format_number(6, 2, NULL, Array)
#1 /Applications/XAMPP/xamppfiles/htdocs/CODEIGNITER/system/Debug/BaseExceptionHandler.php(145): number_to_size(6, 2)
#2 /Applications/XAMPP/xamppfiles/htdocs/CODEIGNITER/app/Views/errors/html/error_exception.php(361): CodeIgniter\Debug\BaseExceptionHandler::describeMemory(6291456)
#3 /Applications/XAMPP/xamppfiles/htdocs/CODEIGNITER/system/Debug/BaseExceptionHandler.php(241): include('/Applications/X...')
#4 /Applications/XAMPP/xamppfiles/htdocs/CODEIGNITER/system/Debug/BaseExceptionHandler.php(244): CodeIgniter\Debug\BaseExceptionHandler->CodeIgniter\Debug\{closure}()
#5 /Applications/XAMPP/xamppfiles/htdocs/CODEIGNITER/system/Debug/ExceptionHandler.php(112): CodeIgniter\Debug\BaseExceptionHandler->render(Object(CodeIgniter\Exceptions\Framework
【Previous Exception】
CodeIgniter\Exceptions\FrameworkException
The framework needs the following extension(s) installed and loaded: intl.
#0 /Applications/XAMPP/xamppfiles/htdocs/CODEIGNITER/system/CodeIgniter.php(252): CodeIgniter\Exceptions\FrameworkException::forMissingExtension('intl')
#1 /Applications/XAMPP/xamppfiles/htdocs/CODEIGNITER/system/CodeIgniter.php(214): CodeIgniter\CodeIgniter->resolvePlatformExtensions()
#2 /Applications/XAMPP/xamppfiles/htdocs/CODEIGNITER/public/index.php(67): CodeIgniter\CodeIgniter->initialize()
#3 {main}
in SYSTEMPATH/Helpers/number_helper.php on line 136.
 1 [internal function]: CodeIgniter\Debug\Exceptions->shutdownHandler()
CRITICAL - 2023-11-08 10:56:10 --> The framework needs the following extension(s) installed and loaded: intl.
in SYSTEMPATH/CodeIgniter.php on line 252.
 1 SYSTEMPATH/CodeIgniter.php(252): CodeIgniter\Exceptions\FrameworkException::forMissingExtension('intl')
 2 SYSTEMPATH/CodeIgniter.php(214): CodeIgniter\CodeIgniter->resolvePlatformExtensions()
 3 FCPATH/index.php(67): CodeIgniter\CodeIgniter->initialize()
CRITICAL - 2023-11-08 10:56:10 --> Uncaught Error: Class 'Locale' not found in /Applications/XAMPP/xamppfiles/htdocs/CODEIGNITER/system/Helpers/number_helper.php:136
Stack trace:
#0 /Applications/XAMPP/xamppfiles/htdocs/CODEIGNITER/system/Helpers/number_helper.php(55): format_number(6, 2, NULL, Array)
#1 /Applications/XAMPP/xamppfiles/htdocs/CODEIGNITER/system/Debug/BaseExceptionHandler.php(145): number_to_size(6, 2)
#2 /Applications/XAMPP/xamppfiles/htdocs/CODEIGNITER/app/Views/errors/html/error_exception.php(361): CodeIgniter\Debug\BaseExceptionHandler::describeMemory(6291456)
#3 /Applications/XAMPP/xamppfiles/htdocs/CODEIGNITER/system/Debug/BaseExceptionHandler.php(241): include('/Applications/X...')
#4 /Applications/XAMPP/xamppfiles/htdocs/CODEIGNITER/system/Debug/BaseExceptionHandler.php(244): CodeIgniter\Debug\BaseExceptionHandler->CodeIgniter\Debug\{closure}()
#5 /Applications/XAMPP/xamppfiles/htdocs/CODEIGNITER/system/Debug/ExceptionHandler.php(112): CodeIgniter\Debug\BaseExceptionHandler->render(Object(CodeIgniter\Exceptions\Framework
【Previous Exception】
CodeIgniter\Exceptions\FrameworkException
The framework needs the following extension(s) installed and loaded: intl.
#0 /Applications/XAMPP/xamppfiles/htdocs/CODEIGNITER/system/CodeIgniter.php(252): CodeIgniter\Exceptions\FrameworkException::forMissingExtension('intl')
#1 /Applications/XAMPP/xamppfiles/htdocs/CODEIGNITER/system/CodeIgniter.php(214): CodeIgniter\CodeIgniter->resolvePlatformExtensions()
#2 /Applications/XAMPP/xamppfiles/htdocs/CODEIGNITER/public/index.php(67): CodeIgniter\CodeIgniter->initialize()
#3 {main}
in SYSTEMPATH/Helpers/number_helper.php on line 136.
 1 [internal function]: CodeIgniter\Debug\Exceptions->shutdownHandler()
CRITICAL - 2023-11-08 11:06:09 --> The framework needs the following extension(s) installed and loaded: intl.
in SYSTEMPATH/CodeIgniter.php on line 252.
 1 SYSTEMPATH/CodeIgniter.php(252): CodeIgniter\Exceptions\FrameworkException::forMissingExtension('intl')
 2 SYSTEMPATH/CodeIgniter.php(214): CodeIgniter\CodeIgniter->resolvePlatformExtensions()
 3 FCPATH/index.php(67): CodeIgniter\CodeIgniter->initialize()
CRITICAL - 2023-11-08 11:06:09 --> Uncaught Error: Class 'Locale' not found in /Applications/XAMPP/xamppfiles/htdocs/CODEIGNITER/system/Helpers/number_helper.php:136
Stack trace:
#0 /Applications/XAMPP/xamppfiles/htdocs/CODEIGNITER/system/Helpers/number_helper.php(55): format_number(6, 2, NULL, Array)
#1 /Applications/XAMPP/xamppfiles/htdocs/CODEIGNITER/system/Debug/BaseExceptionHandler.php(145): number_to_size(6, 2)
#2 /Applications/XAMPP/xamppfiles/htdocs/CODEIGNITER/app/Views/errors/html/error_exception.php(361): CodeIgniter\Debug\BaseExceptionHandler::describeMemory(6291456)
#3 /Applications/XAMPP/xamppfiles/htdocs/CODEIGNITER/system/Debug/BaseExceptionHandler.php(241): include('/Applications/X...')
#4 /Applications/XAMPP/xamppfiles/htdocs/CODEIGNITER/system/Debug/BaseExceptionHandler.php(244): CodeIgniter\Debug\BaseExceptionHandler->CodeIgniter\Debug\{closure}()
#5 /Applications/XAMPP/xamppfiles/htdocs/CODEIGNITER/system/Debug/ExceptionHandler.php(112): CodeIgniter\Debug\BaseExceptionHandler->render(Object(CodeIgniter\Exceptions\Framework
【Previous Exception】
CodeIgniter\Exceptions\FrameworkException
The framework needs the following extension(s) installed and loaded: intl.
#0 /Applications/XAMPP/xamppfiles/htdocs/CODEIGNITER/system/CodeIgniter.php(252): CodeIgniter\Exceptions\FrameworkException::forMissingExtension('intl')
#1 /Applications/XAMPP/xamppfiles/htdocs/CODEIGNITER/system/CodeIgniter.php(214): CodeIgniter\CodeIgniter->resolvePlatformExtensions()
#2 /Applications/XAMPP/xamppfiles/htdocs/CODEIGNITER/public/index.php(67): CodeIgniter\CodeIgniter->initialize()
#3 {main}
in SYSTEMPATH/Helpers/number_helper.php on line 136.
 1 [internal function]: CodeIgniter\Debug\Exceptions->shutdownHandler()
CRITICAL - 2023-11-08 11:11:33 --> The framework needs the following extension(s) installed and loaded: intl.
in SYSTEMPATH/CodeIgniter.php on line 252.
 1 SYSTEMPATH/CodeIgniter.php(252): CodeIgniter\Exceptions\FrameworkException::forMissingExtension('intl')
 2 SYSTEMPATH/CodeIgniter.php(214): CodeIgniter\CodeIgniter->resolvePlatformExtensions()
 3 FCPATH/index.php(67): CodeIgniter\CodeIgniter->initialize()
CRITICAL - 2023-11-08 11:11:33 --> Uncaught Error: Class 'Locale' not found in /Applications/XAMPP/xamppfiles/htdocs/CODEIGNITER/system/Helpers/number_helper.php:136
Stack trace:
#0 /Applications/XAMPP/xamppfiles/htdocs/CODEIGNITER/system/Helpers/number_helper.php(55): format_number(6, 2, NULL, Array)
#1 /Applications/XAMPP/xamppfiles/htdocs/CODEIGNITER/system/Debug/BaseExceptionHandler.php(145): number_to_size(6, 2)
#2 /Applications/XAMPP/xamppfiles/htdocs/CODEIGNITER/app/Views/errors/html/error_exception.php(361): CodeIgniter\Debug\BaseExceptionHandler::describeMemory(6291456)
#3 /Applications/XAMPP/xamppfiles/htdocs/CODEIGNITER/system/Debug/BaseExceptionHandler.php(241): include('/Applications/X...')
#4 /Applications/XAMPP/xamppfiles/htdocs/CODEIGNITER/system/Debug/BaseExceptionHandler.php(244): CodeIgniter\Debug\BaseExceptionHandler->CodeIgniter\Debug\{closure}()
#5 /Applications/XAMPP/xamppfiles/htdocs/CODEIGNITER/system/Debug/ExceptionHandler.php(112): CodeIgniter\Debug\BaseExceptionHandler->render(Object(CodeIgniter\Exceptions\Framework
【Previous Exception】
CodeIgniter\Exceptions\FrameworkException
The framework needs the following extension(s) installed and loaded: intl.
#0 /Applications/XAMPP/xamppfiles/htdocs/CODEIGNITER/system/CodeIgniter.php(252): CodeIgniter\Exceptions\FrameworkException::forMissingExtension('intl')
#1 /Applications/XAMPP/xamppfiles/htdocs/CODEIGNITER/system/CodeIgniter.php(214): CodeIgniter\CodeIgniter->resolvePlatformExtensions()
#2 /Applications/XAMPP/xamppfiles/htdocs/CODEIGNITER/public/index.php(67): CodeIgniter\CodeIgniter->initialize()
#3 {main}
in SYSTEMPATH/Helpers/number_helper.php on line 136.
 1 [internal function]: CodeIgniter\Debug\Exceptions->shutdownHandler()
